Start testing: Feb 03 14:38 -03
----------------------------------------------------------
1/62 Testing: ContextTest.PositionalArgumentBinding
1/62 Test: ContextTest.PositionalArgumentBinding
Command: "/home/gamarino/Documentos/proyectos/protoPython/build/protoCore/test/proto_tests" "--gtest_filter=ContextTest.PositionalArgumentBinding" "--gtest_also_run_disabled_tests"
Directory: /home/gamarino/Documentos/proyectos/protoPython/build/protoCore/test
"ContextTest.PositionalArgumentBinding" start time: Feb 03 14:38 -03
Output:
----------------------------------------------------------
Running main() from /home/gamarino/Documentos/proyectos/protoPython/build/_deps/googletest-src/googletest/src/gtest_main.cc
Note: Google Test filter = ContextTest.PositionalArgumentBinding
[==========] Running 1 test from 1 test suite.
[----------] Global test environment set-up.
[----------] 1 test from ContextTest
[ RUN      ] ContextTest.PositionalArgumentBinding
[       OK ] ContextTest.PositionalArgumentBinding (0 ms)
[----------] 1 test from ContextTest (0 ms total)

[----------] Global test environment tear-down
[==========] 1 test from 1 test suite ran. (0 ms total)
[  PASSED  ] 1 test.
<end of output>
Test time =   0.01 sec
----------------------------------------------------------
Test Passed.
"ContextTest.PositionalArgumentBinding" end time: Feb 03 14:38 -03
"ContextTest.PositionalArgumentBinding" time elapsed: 00:00:00
----------------------------------------------------------

2/62 Testing: ContextTest.LocalVariableAllocation
2/62 Test: ContextTest.LocalVariableAllocation
Command: "/home/gamarino/Documentos/proyectos/protoPython/build/protoCore/test/proto_tests" "--gtest_filter=ContextTest.LocalVariableAllocation" "--gtest_also_run_disabled_tests"
Directory: /home/gamarino/Documentos/proyectos/protoPython/build/protoCore/test
"ContextTest.LocalVariableAllocation" start time: Feb 03 14:38 -03
Output:
----------------------------------------------------------
Running main() from /home/gamarino/Documentos/proyectos/protoPython/build/_deps/googletest-src/googletest/src/gtest_main.cc
Note: Google Test filter = ContextTest.LocalVariableAllocation
[==========] Running 1 test from 1 test suite.
[----------] Global test environment set-up.
[----------] 1 test from ContextTest
[ RUN      ] ContextTest.LocalVariableAllocation
[       OK ] ContextTest.LocalVariableAllocation (0 ms)
[----------] 1 test from ContextTest (0 ms total)

[----------] Global test environment tear-down
[==========] 1 test from 1 test suite ran. (0 ms total)
[  PASSED  ] 1 test.
<end of output>
Test time =   0.00 sec
----------------------------------------------------------
Test Passed.
"ContextTest.LocalVariableAllocation" end time: Feb 03 14:38 -03
"ContextTest.LocalVariableAllocation" time elapsed: 00:00:00
----------------------------------------------------------

3/62 Testing: ContextTest.ArgumentCountError
3/62 Test: ContextTest.ArgumentCountError
Command: "/home/gamarino/Documentos/proyectos/protoPython/build/protoCore/test/proto_tests" "--gtest_filter=ContextTest.ArgumentCountError" "--gtest_also_run_disabled_tests"
Directory: /home/gamarino/Documentos/proyectos/protoPython/build/protoCore/test
"ContextTest.ArgumentCountError" start time: Feb 03 14:38 -03
Output:
----------------------------------------------------------
Running main() from /home/gamarino/Documentos/proyectos/protoPython/build/_deps/googletest-src/googletest/src/gtest_main.cc
Note: Google Test filter = ContextTest.ArgumentCountError
[==========] Running 1 test from 1 test suite.
[----------] Global test environment set-up.
[----------] 1 test from ContextTest
[ RUN      ] ContextTest.ArgumentCountError
[       OK ] ContextTest.ArgumentCountError (2 ms)
[----------] 1 test from ContextTest (2 ms total)

[----------] Global test environment tear-down
[==========] 1 test from 1 test suite ran. (2 ms total)
[  PASSED  ] 1 test.
<end of output>
Test time =   0.02 sec
----------------------------------------------------------
Test Passed.
"ContextTest.ArgumentCountError" end time: Feb 03 14:38 -03
"ContextTest.ArgumentCountError" time elapsed: 00:00:00
----------------------------------------------------------

4/62 Testing: ContextTest.LifecycleAndReturnValuePromotion
4/62 Test: ContextTest.LifecycleAndReturnValuePromotion
Command: "/home/gamarino/Documentos/proyectos/protoPython/build/protoCore/test/proto_tests" "--gtest_filter=ContextTest.LifecycleAndReturnValuePromotion" "--gtest_also_run_disabled_tests"
Directory: /home/gamarino/Documentos/proyectos/protoPython/build/protoCore/test
"ContextTest.LifecycleAndReturnValuePromotion" start time: Feb 03 14:38 -03
Output:
----------------------------------------------------------
Running main() from /home/gamarino/Documentos/proyectos/protoPython/build/_deps/googletest-src/googletest/src/gtest_main.cc
Note: Google Test filter = ContextTest.LifecycleAndReturnValuePromotion
[==========] Running 1 test from 1 test suite.
[----------] Global test environment set-up.
[----------] 1 test from ContextTest
[ RUN      ] ContextTest.LifecycleAndReturnValuePromotion
[       OK ] ContextTest.LifecycleAndReturnValuePromotion (0 ms)
[----------] 1 test from ContextTest (0 ms total)

[----------] Global test environment tear-down
[==========] 1 test from 1 test suite ran. (1 ms total)
[  PASSED  ] 1 test.
<end of output>
Test time =   0.01 sec
----------------------------------------------------------
Test Passed.
"ContextTest.LifecycleAndReturnValuePromotion" end time: Feb 03 14:38 -03
"ContextTest.LifecycleAndReturnValuePromotion" time elapsed: 00:00:00
----------------------------------------------------------

5/62 Testing: GCStressTest.LargeAllocationReclamation
5/62 Test: GCStressTest.LargeAllocationReclamation
Command: "/home/gamarino/Documentos/proyectos/protoPython/build/protoCore/test/proto_tests" "--gtest_filter=GCStressTest.LargeAllocationReclamation" "--gtest_also_run_disabled_tests"
Directory: /home/gamarino/Documentos/proyectos/protoPython/build/protoCore/test
"GCStressTest.LargeAllocationReclamation" start time: Feb 03 14:38 -03
Output:
----------------------------------------------------------
Running main() from /home/gamarino/Documentos/proyectos/protoPython/build/_deps/googletest-src/googletest/src/gtest_main.cc
Note: Google Test filter = GCStressTest.LargeAllocationReclamation
[==========] Running 1 test from 1 test suite.
[----------] Global test environment set-up.
[----------] 1 test from GCStressTest
[ RUN      ] GCStressTest.LargeAllocationReclamation
Initial Heap Size: 10240 blocks
Final Heap Size: 911360 blocks
Final Free Cells: 1174 blocks
[       OK ] GCStressTest.LargeAllocationReclamation (3214 ms)
[----------] 1 test from GCStressTest (3214 ms total)

[----------] Global test environment tear-down
[==========] 1 test from 1 test suite ran. (3214 ms total)
[  PASSED  ] 1 test.
<end of output>
Test time =   3.23 sec
----------------------------------------------------------
Test Passed.
"GCStressTest.LargeAllocationReclamation" end time: Feb 03 14:38 -03
"GCStressTest.LargeAllocationReclamation" time elapsed: 00:00:03
----------------------------------------------------------

6/62 Testing: NumericTest.CreationAndConversion
6/62 Test: NumericTest.CreationAndConversion
Command: "/home/gamarino/Documentos/proyectos/protoPython/build/protoCore/test/proto_tests" "--gtest_filter=NumericTest.CreationAndConversion" "--gtest_also_run_disabled_tests"
Directory: /home/gamarino/Documentos/proyectos/protoPython/build/protoCore/test
"NumericTest.CreationAndConversion" start time: Feb 03 14:38 -03
Output:
----------------------------------------------------------
Running main() from /home/gamarino/Documentos/proyectos/protoPython/build/_deps/googletest-src/googletest/src/gtest_main.cc
Note: Google Test filter = NumericTest.CreationAndConversion
[==========] Running 1 test from 1 test suite.
[----------] Global test environment set-up.
[----------] 1 test from NumericTest
[ RUN      ] NumericTest.CreationAndConversion
[       OK ] NumericTest.CreationAndConversion (0 ms)
[----------] 1 test from NumericTest (0 ms total)

[----------] Global test environment tear-down
[==========] 1 test from 1 test suite ran. (0 ms total)
[  PASSED  ] 1 test.
<end of output>
Test time =   0.00 sec
----------------------------------------------------------
Test Passed.
"NumericTest.CreationAndConversion" end time: Feb 03 14:38 -03
"NumericTest.CreationAndConversion" time elapsed: 00:00:00
----------------------------------------------------------

7/62 Testing: NumericTest.DoubleCreationAndConversion
7/62 Test: NumericTest.DoubleCreationAndConversion
Command: "/home/gamarino/Documentos/proyectos/protoPython/build/protoCore/test/proto_tests" "--gtest_filter=NumericTest.DoubleCreationAndConversion" "--gtest_also_run_disabled_tests"
Directory: /home/gamarino/Documentos/proyectos/protoPython/build/protoCore/test
"NumericTest.DoubleCreationAndConversion" start time: Feb 03 14:38 -03
Output:
----------------------------------------------------------
Running main() from /home/gamarino/Documentos/proyectos/protoPython/build/_deps/googletest-src/googletest/src/gtest_main.cc
Note: Google Test filter = NumericTest.DoubleCreationAndConversion
[==========] Running 1 test from 1 test suite.
[----------] Global test environment set-up.
[----------] 1 test from NumericTest
[ RUN      ] NumericTest.DoubleCreationAndConversion
[       OK ] NumericTest.DoubleCreationAndConversion (0 ms)
[----------] 1 test from NumericTest (0 ms total)

[----------] Global test environment tear-down
[==========] 1 test from 1 test suite ran. (0 ms total)
[  PASSED  ] 1 test.
<end of output>
Test time =   0.01 sec
----------------------------------------------------------
Test Passed.
"NumericTest.DoubleCreationAndConversion" end time: Feb 03 14:38 -03
"NumericTest.DoubleCreationAndConversion" time elapsed: 00:00:00
----------------------------------------------------------

8/62 Testing: NumericTest.FastPathArithmetic
8/62 Test: NumericTest.FastPathArithmetic
Command: "/home/gamarino/Documentos/proyectos/protoPython/build/protoCore/test/proto_tests" "--gtest_filter=NumericTest.FastPathArithmetic" "--gtest_also_run_disabled_tests"
Directory: /home/gamarino/Documentos/proyectos/protoPython/build/protoCore/test
"NumericTest.FastPathArithmetic" start time: Feb 03 14:38 -03
Output:
----------------------------------------------------------
Running main() from /home/gamarino/Documentos/proyectos/protoPython/build/_deps/googletest-src/googletest/src/gtest_main.cc
Note: Google Test filter = NumericTest.FastPathArithmetic
[==========] Running 1 test from 1 test suite.
[----------] Global test environment set-up.
[----------] 1 test from NumericTest
[ RUN      ] NumericTest.FastPathArithmetic
[       OK ] NumericTest.FastPathArithmetic (0 ms)
[----------] 1 test from NumericTest (0 ms total)

[----------] Global test environment tear-down
[==========] 1 test from 1 test suite ran. (0 ms total)
[  PASSED  ] 1 test.
<end of output>
Test time =   0.00 sec
----------------------------------------------------------
Test Passed.
"NumericTest.FastPathArithmetic" end time: Feb 03 14:38 -03
"NumericTest.FastPathArithmetic" time elapsed: 00:00:00
----------------------------------------------------------

9/62 Testing: NumericTest.LargeIntegerArithmetic
9/62 Test: NumericTest.LargeIntegerArithmetic
Command: "/home/gamarino/Documentos/proyectos/protoPython/build/protoCore/test/proto_tests" "--gtest_filter=NumericTest.LargeIntegerArithmetic" "--gtest_also_run_disabled_tests"
Directory: /home/gamarino/Documentos/proyectos/protoPython/build/protoCore/test
"NumericTest.LargeIntegerArithmetic" start time: Feb 03 14:38 -03
Output:
----------------------------------------------------------
Running main() from /home/gamarino/Documentos/proyectos/protoPython/build/_deps/googletest-src/googletest/src/gtest_main.cc
Note: Google Test filter = NumericTest.LargeIntegerArithmetic
[==========] Running 1 test from 1 test suite.
[----------] Global test environment set-up.
[----------] 1 test from NumericTest
[ RUN      ] NumericTest.LargeIntegerArithmetic
[       OK ] NumericTest.LargeIntegerArithmetic (1 ms)
[----------] 1 test from NumericTest (1 ms total)

[----------] Global test environment tear-down
[==========] 1 test from 1 test suite ran. (1 ms total)
[  PASSED  ] 1 test.
<end of output>
Test time =   0.01 sec
----------------------------------------------------------
Test Passed.
"NumericTest.LargeIntegerArithmetic" end time: Feb 03 14:38 -03
"NumericTest.LargeIntegerArithmetic" time elapsed: 00:00:00
----------------------------------------------------------

10/62 Testing: NumericTest.MixedTypeArithmetic
10/62 Test: NumericTest.MixedTypeArithmetic
Command: "/home/gamarino/Documentos/proyectos/protoPython/build/protoCore/test/proto_tests" "--gtest_filter=NumericTest.MixedTypeArithmetic" "--gtest_also_run_disabled_tests"
Directory: /home/gamarino/Documentos/proyectos/protoPython/build/protoCore/test
"NumericTest.MixedTypeArithmetic" start time: Feb 03 14:38 -03
Output:
----------------------------------------------------------
Running main() from /home/gamarino/Documentos/proyectos/protoPython/build/_deps/googletest-src/googletest/src/gtest_main.cc
Note: Google Test filter = NumericTest.MixedTypeArithmetic
[==========] Running 1 test from 1 test suite.
[----------] Global test environment set-up.
[----------] 1 test from NumericTest
[ RUN      ] NumericTest.MixedTypeArithmetic
[       OK ] NumericTest.MixedTypeArithmetic (0 ms)
[----------] 1 test from NumericTest (0 ms total)

[----------] Global test environment tear-down
[==========] 1 test from 1 test suite ran. (0 ms total)
[  PASSED  ] 1 test.
<end of output>
Test time =   0.01 sec
----------------------------------------------------------
Test Passed.
"NumericTest.MixedTypeArithmetic" end time: Feb 03 14:38 -03
"NumericTest.MixedTypeArithmetic" time elapsed: 00:00:00
----------------------------------------------------------

11/62 Testing: NumericTest.DivisionAndErrorHandling
11/62 Test: NumericTest.DivisionAndErrorHandling
Command: "/home/gamarino/Documentos/proyectos/protoPython/build/protoCore/test/proto_tests" "--gtest_filter=NumericTest.DivisionAndErrorHandling" "--gtest_also_run_disabled_tests"
Directory: /home/gamarino/Documentos/proyectos/protoPython/build/protoCore/test
"NumericTest.DivisionAndErrorHandling" start time: Feb 03 14:38 -03
Output:
----------------------------------------------------------
Running main() from /home/gamarino/Documentos/proyectos/protoPython/build/_deps/googletest-src/googletest/src/gtest_main.cc
Note: Google Test filter = NumericTest.DivisionAndErrorHandling
[==========] Running 1 test from 1 test suite.
[----------] Global test environment set-up.
[----------] 1 test from NumericTest
[ RUN      ] NumericTest.DivisionAndErrorHandling
[       OK ] NumericTest.DivisionAndErrorHandling (0 ms)
[----------] 1 test from NumericTest (0 ms total)

[----------] Global test environment tear-down
[==========] 1 test from 1 test suite ran. (0 ms total)
[  PASSED  ] 1 test.
<end of output>
Test time =   0.00 sec
----------------------------------------------------------
Test Passed.
"NumericTest.DivisionAndErrorHandling" end time: Feb 03 14:38 -03
"NumericTest.DivisionAndErrorHandling" time elapsed: 00:00:00
----------------------------------------------------------

12/62 Testing: NumericTest.BitwiseNot
12/62 Test: NumericTest.BitwiseNot
Command: "/home/gamarino/Documentos/proyectos/protoPython/build/protoCore/test/proto_tests" "--gtest_filter=NumericTest.BitwiseNot" "--gtest_also_run_disabled_tests"
Directory: /home/gamarino/Documentos/proyectos/protoPython/build/protoCore/test
"NumericTest.BitwiseNot" start time: Feb 03 14:38 -03
Output:
----------------------------------------------------------
Running main() from /home/gamarino/Documentos/proyectos/protoPython/build/_deps/googletest-src/googletest/src/gtest_main.cc
Note: Google Test filter = NumericTest.BitwiseNot
[==========] Running 1 test from 1 test suite.
[----------] Global test environment set-up.
[----------] 1 test from NumericTest
[ RUN      ] NumericTest.BitwiseNot
[       OK ] NumericTest.BitwiseNot (0 ms)
[----------] 1 test from NumericTest (0 ms total)

[----------] Global test environment tear-down
[==========] 1 test from 1 test suite ran. (1 ms total)
[  PASSED  ] 1 test.
<end of output>
Test time =   0.01 sec
----------------------------------------------------------
Test Passed.
"NumericTest.BitwiseNot" end time: Feb 03 14:38 -03
"NumericTest.BitwiseNot" time elapsed: 00:00:00
----------------------------------------------------------

13/62 Testing: NumericTest.BitwiseOperations
13/62 Test: NumericTest.BitwiseOperations
Command: "/home/gamarino/Documentos/proyectos/protoPython/build/protoCore/test/proto_tests" "--gtest_filter=NumericTest.BitwiseOperations" "--gtest_also_run_disabled_tests"
Directory: /home/gamarino/Documentos/proyectos/protoPython/build/protoCore/test
"NumericTest.BitwiseOperations" start time: Feb 03 14:38 -03
Output:
----------------------------------------------------------
Running main() from /home/gamarino/Documentos/proyectos/protoPython/build/_deps/googletest-src/googletest/src/gtest_main.cc
Note: Google Test filter = NumericTest.BitwiseOperations
[==========] Running 1 test from 1 test suite.
[----------] Global test environment set-up.
[----------] 1 test from NumericTest
[ RUN      ] NumericTest.BitwiseOperations
[       OK ] NumericTest.BitwiseOperations (2 ms)
[----------] 1 test from NumericTest (2 ms total)

[----------] Global test environment tear-down
[==========] 1 test from 1 test suite ran. (2 ms total)
[  PASSED  ] 1 test.
<end of output>
Test time =   0.02 sec
----------------------------------------------------------
Test Passed.
"NumericTest.BitwiseOperations" end time: Feb 03 14:38 -03
"NumericTest.BitwiseOperations" time elapsed: 00:00:00
----------------------------------------------------------

14/62 Testing: NumericTest.ShiftOperations
14/62 Test: NumericTest.ShiftOperations
Command: "/home/gamarino/Documentos/proyectos/protoPython/build/protoCore/test/proto_tests" "--gtest_filter=NumericTest.ShiftOperations" "--gtest_also_run_disabled_tests"
Directory: /home/gamarino/Documentos/proyectos/protoPython/build/protoCore/test
"NumericTest.ShiftOperations" start time: Feb 03 14:38 -03
Output:
----------------------------------------------------------
Running main() from /home/gamarino/Documentos/proyectos/protoPython/build/_deps/googletest-src/googletest/src/gtest_main.cc
Note: Google Test filter = NumericTest.ShiftOperations
[==========] Running 1 test from 1 test suite.
[----------] Global test environment set-up.
[----------] 1 test from NumericTest
[ RUN      ] NumericTest.ShiftOperations
[       OK ] NumericTest.ShiftOperations (1 ms)
[----------] 1 test from NumericTest (1 ms total)

[----------] Global test environment tear-down
[==========] 1 test from 1 test suite ran. (1 ms total)
[  PASSED  ] 1 test.
<end of output>
Test time =   0.01 sec
----------------------------------------------------------
Test Passed.
"NumericTest.ShiftOperations" end time: Feb 03 14:38 -03
"NumericTest.ShiftOperations" time elapsed: 00:00:00
----------------------------------------------------------

15/62 Testing: NumericTest.ToString
15/62 Test: NumericTest.ToString
Command: "/home/gamarino/Documentos/proyectos/protoPython/build/protoCore/test/proto_tests" "--gtest_filter=NumericTest.ToString" "--gtest_also_run_disabled_tests"
Directory: /home/gamarino/Documentos/proyectos/protoPython/build/protoCore/test
"NumericTest.ToString" start time: Feb 03 14:38 -03
Output:
----------------------------------------------------------
Running main() from /home/gamarino/Documentos/proyectos/protoPython/build/_deps/googletest-src/googletest/src/gtest_main.cc
Note: Google Test filter = NumericTest.ToString
[==========] Running 1 test from 1 test suite.
[----------] Global test environment set-up.
[----------] 1 test from NumericTest
[ RUN      ] NumericTest.ToString
[       OK ] NumericTest.ToString (0 ms)
[----------] 1 test from NumericTest (0 ms total)

[----------] Global test environment tear-down
[==========] 1 test from 1 test suite ran. (0 ms total)
[  PASSED  ] 1 test.
<end of output>
Test time =   0.01 sec
----------------------------------------------------------
Test Passed.
"NumericTest.ToString" end time: Feb 03 14:38 -03
"NumericTest.ToString" time elapsed: 00:00:00
----------------------------------------------------------

16/62 Testing: NumericTest.DivmodApi
16/62 Test: NumericTest.DivmodApi
Command: "/home/gamarino/Documentos/proyectos/protoPython/build/protoCore/test/proto_tests" "--gtest_filter=NumericTest.DivmodApi" "--gtest_also_run_disabled_tests"
Directory: /home/gamarino/Documentos/proyectos/protoPython/build/protoCore/test
"NumericTest.DivmodApi" start time: Feb 03 14:38 -03
Output:
----------------------------------------------------------
Running main() from /home/gamarino/Documentos/proyectos/protoPython/build/_deps/googletest-src/googletest/src/gtest_main.cc
Note: Google Test filter = NumericTest.DivmodApi
[==========] Running 1 test from 1 test suite.
[----------] Global test environment set-up.
[----------] 1 test from NumericTest
[ RUN      ] NumericTest.DivmodApi
[       OK ] NumericTest.DivmodApi (2 ms)
[----------] 1 test from NumericTest (2 ms total)

[----------] Global test environment tear-down
[==========] 1 test from 1 test suite ran. (2 ms total)
[  PASSED  ] 1 test.
<end of output>
Test time =   0.02 sec
----------------------------------------------------------
Test Passed.
"NumericTest.DivmodApi" end time: Feb 03 14:38 -03
"NumericTest.DivmodApi" time elapsed: 00:00:00
----------------------------------------------------------

17/62 Testing: ListTest.CreationAndSize
17/62 Test: ListTest.CreationAndSize
Command: "/home/gamarino/Documentos/proyectos/protoPython/build/protoCore/test/proto_tests" "--gtest_filter=ListTest.CreationAndSize" "--gtest_also_run_disabled_tests"
Directory: /home/gamarino/Documentos/proyectos/protoPython/build/protoCore/test
"ListTest.CreationAndSize" start time: Feb 03 14:38 -03
Output:
----------------------------------------------------------
Running main() from /home/gamarino/Documentos/proyectos/protoPython/build/_deps/googletest-src/googletest/src/gtest_main.cc
Note: Google Test filter = ListTest.CreationAndSize
[==========] Running 1 test from 1 test suite.
[----------] Global test environment set-up.
[----------] 1 test from ListTest
[ RUN      ] ListTest.CreationAndSize
[       OK ] ListTest.CreationAndSize (1 ms)
[----------] 1 test from ListTest (1 ms total)

[----------] Global test environment tear-down
[==========] 1 test from 1 test suite ran. (1 ms total)
[  PASSED  ] 1 test.
<end of output>
Test time =   0.01 sec
----------------------------------------------------------
Test Passed.
"ListTest.CreationAndSize" end time: Feb 03 14:38 -03
"ListTest.CreationAndSize" time elapsed: 00:00:00
----------------------------------------------------------

18/62 Testing: ListTest.AppendAndGet
18/62 Test: ListTest.AppendAndGet
Command: "/home/gamarino/Documentos/proyectos/protoPython/build/protoCore/test/proto_tests" "--gtest_filter=ListTest.AppendAndGet" "--gtest_also_run_disabled_tests"
Directory: /home/gamarino/Documentos/proyectos/protoPython/build/protoCore/test
"ListTest.AppendAndGet" start time: Feb 03 14:38 -03
Output:
----------------------------------------------------------
Running main() from /home/gamarino/Documentos/proyectos/protoPython/build/_deps/googletest-src/googletest/src/gtest_main.cc
Note: Google Test filter = ListTest.AppendAndGet
[==========] Running 1 test from 1 test suite.
[----------] Global test environment set-up.
[----------] 1 test from ListTest
[ RUN      ] ListTest.AppendAndGet
[       OK ] ListTest.AppendAndGet (0 ms)
[----------] 1 test from ListTest (0 ms total)

[----------] Global test environment tear-down
[==========] 1 test from 1 test suite ran. (0 ms total)
[  PASSED  ] 1 test.
<end of output>
Test time =   0.00 sec
----------------------------------------------------------
Test Passed.
"ListTest.AppendAndGet" end time: Feb 03 14:38 -03
"ListTest.AppendAndGet" time elapsed: 00:00:00
----------------------------------------------------------

19/62 Testing: ListTest.ImmutabilityOnAppend
19/62 Test: ListTest.ImmutabilityOnAppend
Command: "/home/gamarino/Documentos/proyectos/protoPython/build/protoCore/test/proto_tests" "--gtest_filter=ListTest.ImmutabilityOnAppend" "--gtest_also_run_disabled_tests"
Directory: /home/gamarino/Documentos/proyectos/protoPython/build/protoCore/test
"ListTest.ImmutabilityOnAppend" start time: Feb 03 14:38 -03
Output:
----------------------------------------------------------
Running main() from /home/gamarino/Documentos/proyectos/protoPython/build/_deps/googletest-src/googletest/src/gtest_main.cc
Note: Google Test filter = ListTest.ImmutabilityOnAppend
[==========] Running 1 test from 1 test suite.
[----------] Global test environment set-up.
[----------] 1 test from ListTest
[ RUN      ] ListTest.ImmutabilityOnAppend
[       OK ] ListTest.ImmutabilityOnAppend (2 ms)
[----------] 1 test from ListTest (2 ms total)

[----------] Global test environment tear-down
[==========] 1 test from 1 test suite ran. (2 ms total)
[  PASSED  ] 1 test.
<end of output>
Test time =   0.01 sec
----------------------------------------------------------
Test Passed.
"ListTest.ImmutabilityOnAppend" end time: Feb 03 14:38 -03
"ListTest.ImmutabilityOnAppend" time elapsed: 00:00:00
----------------------------------------------------------

20/62 Testing: ListTest.RemoveAt
20/62 Test: ListTest.RemoveAt
Command: "/home/gamarino/Documentos/proyectos/protoPython/build/protoCore/test/proto_tests" "--gtest_filter=ListTest.RemoveAt" "--gtest_also_run_disabled_tests"
Directory: /home/gamarino/Documentos/proyectos/protoPython/build/protoCore/test
"ListTest.RemoveAt" start time: Feb 03 14:38 -03
Output:
----------------------------------------------------------
Running main() from /home/gamarino/Documentos/proyectos/protoPython/build/_deps/googletest-src/googletest/src/gtest_main.cc
Note: Google Test filter = ListTest.RemoveAt
[==========] Running 1 test from 1 test suite.
[----------] Global test environment set-up.
[----------] 1 test from ListTest
[ RUN      ] ListTest.RemoveAt
[       OK ] ListTest.RemoveAt (1 ms)
[----------] 1 test from ListTest (1 ms total)

[----------] Global test environment tear-down
[==========] 1 test from 1 test suite ran. (1 ms total)
[  PASSED  ] 1 test.
<end of output>
Test time =   0.01 sec
----------------------------------------------------------
Test Passed.
"ListTest.RemoveAt" end time: Feb 03 14:38 -03
"ListTest.RemoveAt" time elapsed: 00:00:00
----------------------------------------------------------

21/62 Testing: ListTest.GetSlice
21/62 Test: ListTest.GetSlice
Command: "/home/gamarino/Documentos/proyectos/protoPython/build/protoCore/test/proto_tests" "--gtest_filter=ListTest.GetSlice" "--gtest_also_run_disabled_tests"
Directory: /home/gamarino/Documentos/proyectos/protoPython/build/protoCore/test
"ListTest.GetSlice" start time: Feb 03 14:38 -03
Output:
----------------------------------------------------------
Running main() from /home/gamarino/Documentos/proyectos/protoPython/build/_deps/googletest-src/googletest/src/gtest_main.cc
Note: Google Test filter = ListTest.GetSlice
[==========] Running 1 test from 1 test suite.
[----------] Global test environment set-up.
[----------] 1 test from ListTest
[ RUN      ] ListTest.GetSlice
[       OK ] ListTest.GetSlice (1 ms)
[----------] 1 test from ListTest (1 ms total)

[----------] Global test environment tear-down
[==========] 1 test from 1 test suite ran. (1 ms total)
[  PASSED  ] 1 test.
<end of output>
Test time =   0.01 sec
----------------------------------------------------------
Test Passed.
"ListTest.GetSlice" end time: Feb 03 14:38 -03
"ListTest.GetSlice" time elapsed: 00:00:00
----------------------------------------------------------

22/62 Testing: ModuleDiscoveryTest.ProviderRegistry_RegisterAndFindByAlias
22/62 Test: ModuleDiscoveryTest.ProviderRegistry_RegisterAndFindByAlias
Command: "/home/gamarino/Documentos/proyectos/protoPython/build/protoCore/test/proto_tests" "--gtest_filter=ModuleDiscoveryTest.ProviderRegistry_RegisterAndFindByAlias" "--gtest_also_run_disabled_tests"
Directory: /home/gamarino/Documentos/proyectos/protoPython/build/protoCore/test
"ModuleDiscoveryTest.ProviderRegistry_RegisterAndFindByAlias" start time: Feb 03 14:38 -03
Output:
----------------------------------------------------------
Running main() from /home/gamarino/Documentos/proyectos/protoPython/build/_deps/googletest-src/googletest/src/gtest_main.cc
Note: Google Test filter = ModuleDiscoveryTest.ProviderRegistry_RegisterAndFindByAlias
[==========] Running 1 test from 1 test suite.
[----------] Global test environment set-up.
[----------] 1 test from ModuleDiscoveryTest
[ RUN      ] ModuleDiscoveryTest.ProviderRegistry_RegisterAndFindByAlias
[       OK ] ModuleDiscoveryTest.ProviderRegistry_RegisterAndFindByAlias (1 ms)
[----------] 1 test from ModuleDiscoveryTest (1 ms total)

[----------] Global test environment tear-down
[==========] 1 test from 1 test suite ran. (1 ms total)
[  PASSED  ] 1 test.
<end of output>
Test time =   0.02 sec
----------------------------------------------------------
Test Passed.
"ModuleDiscoveryTest.ProviderRegistry_RegisterAndFindByAlias" end time: Feb 03 14:38 -03
"ModuleDiscoveryTest.ProviderRegistry_RegisterAndFindByAlias" time elapsed: 00:00:00
----------------------------------------------------------

23/62 Testing: ModuleDiscoveryTest.ProviderRegistry_RegisterAndFindByGUID
23/62 Test: ModuleDiscoveryTest.ProviderRegistry_RegisterAndFindByGUID
Command: "/home/gamarino/Documentos/proyectos/protoPython/build/protoCore/test/proto_tests" "--gtest_filter=ModuleDiscoveryTest.ProviderRegistry_RegisterAndFindByGUID" "--gtest_also_run_disabled_tests"
Directory: /home/gamarino/Documentos/proyectos/protoPython/build/protoCore/test
"ModuleDiscoveryTest.ProviderRegistry_RegisterAndFindByGUID" start time: Feb 03 14:38 -03
Output:
----------------------------------------------------------
Running main() from /home/gamarino/Documentos/proyectos/protoPython/build/_deps/googletest-src/googletest/src/gtest_main.cc
Note: Google Test filter = ModuleDiscoveryTest.ProviderRegistry_RegisterAndFindByGUID
[==========] Running 1 test from 1 test suite.
[----------] Global test environment set-up.
[----------] 1 test from ModuleDiscoveryTest
[ RUN      ] ModuleDiscoveryTest.ProviderRegistry_RegisterAndFindByGUID
[       OK ] ModuleDiscoveryTest.ProviderRegistry_RegisterAndFindByGUID (1 ms)
[----------] 1 test from ModuleDiscoveryTest (1 ms total)

[----------] Global test environment tear-down
[==========] 1 test from 1 test suite ran. (1 ms total)
[  PASSED  ] 1 test.
<end of output>
Test time =   0.01 sec
----------------------------------------------------------
Test Passed.
"ModuleDiscoveryTest.ProviderRegistry_RegisterAndFindByGUID" end time: Feb 03 14:38 -03
"ModuleDiscoveryTest.ProviderRegistry_RegisterAndFindByGUID" time elapsed: 00:00:00
----------------------------------------------------------

24/62 Testing: ModuleDiscoveryTest.ProviderRegistry_GetProviderForSpec_Alias
24/62 Test: ModuleDiscoveryTest.ProviderRegistry_GetProviderForSpec_Alias
Command: "/home/gamarino/Documentos/proyectos/protoPython/build/protoCore/test/proto_tests" "--gtest_filter=ModuleDiscoveryTest.ProviderRegistry_GetProviderForSpec_Alias" "--gtest_also_run_disabled_tests"
Directory: /home/gamarino/Documentos/proyectos/protoPython/build/protoCore/test
"ModuleDiscoveryTest.ProviderRegistry_GetProviderForSpec_Alias" start time: Feb 03 14:38 -03
Output:
----------------------------------------------------------
Running main() from /home/gamarino/Documentos/proyectos/protoPython/build/_deps/googletest-src/googletest/src/gtest_main.cc
Note: Google Test filter = ModuleDiscoveryTest.ProviderRegistry_GetProviderForSpec_Alias
[==========] Running 1 test from 1 test suite.
[----------] Global test environment set-up.
[----------] 1 test from ModuleDiscoveryTest
[ RUN      ] ModuleDiscoveryTest.ProviderRegistry_GetProviderForSpec_Alias
[       OK ] ModuleDiscoveryTest.ProviderRegistry_GetProviderForSpec_Alias (8 ms)
[----------] 1 test from ModuleDiscoveryTest (8 ms total)

[----------] Global test environment tear-down
[==========] 1 test from 1 test suite ran. (8 ms total)
[  PASSED  ] 1 test.
<end of output>
Test time =   0.01 sec
----------------------------------------------------------
Test Passed.
"ModuleDiscoveryTest.ProviderRegistry_GetProviderForSpec_Alias" end time: Feb 03 14:38 -03
"ModuleDiscoveryTest.ProviderRegistry_GetProviderForSpec_Alias" time elapsed: 00:00:00
----------------------------------------------------------

25/62 Testing: ModuleDiscoveryTest.ProviderRegistry_GetProviderForSpec_GUID
25/62 Test: ModuleDiscoveryTest.ProviderRegistry_GetProviderForSpec_GUID
Command: "/home/gamarino/Documentos/proyectos/protoPython/build/protoCore/test/proto_tests" "--gtest_filter=ModuleDiscoveryTest.ProviderRegistry_GetProviderForSpec_GUID" "--gtest_also_run_disabled_tests"
Directory: /home/gamarino/Documentos/proyectos/protoPython/build/protoCore/test
"ModuleDiscoveryTest.ProviderRegistry_GetProviderForSpec_GUID" start time: Feb 03 14:38 -03
Output:
----------------------------------------------------------
Running main() from /home/gamarino/Documentos/proyectos/protoPython/build/_deps/googletest-src/googletest/src/gtest_main.cc
Note: Google Test filter = ModuleDiscoveryTest.ProviderRegistry_GetProviderForSpec_GUID
[==========] Running 1 test from 1 test suite.
[----------] Global test environment set-up.
[----------] 1 test from ModuleDiscoveryTest
[ RUN      ] ModuleDiscoveryTest.ProviderRegistry_GetProviderForSpec_GUID
[       OK ] ModuleDiscoveryTest.ProviderRegistry_GetProviderForSpec_GUID (1 ms)
[----------] 1 test from ModuleDiscoveryTest (1 ms total)

[----------] Global test environment tear-down
[==========] 1 test from 1 test suite ran. (1 ms total)
[  PASSED  ] 1 test.
<end of output>
Test time =   0.01 sec
----------------------------------------------------------
Test Passed.
"ModuleDiscoveryTest.ProviderRegistry_GetProviderForSpec_GUID" end time: Feb 03 14:38 -03
"ModuleDiscoveryTest.ProviderRegistry_GetProviderForSpec_GUID" time elapsed: 00:00:00
----------------------------------------------------------

26/62 Testing: ModuleDiscoveryTest.ResolutionChain_GetReturnsNonEmpty
26/62 Test: ModuleDiscoveryTest.ResolutionChain_GetReturnsNonEmpty
Command: "/home/gamarino/Documentos/proyectos/protoPython/build/protoCore/test/proto_tests" "--gtest_filter=ModuleDiscoveryTest.ResolutionChain_GetReturnsNonEmpty" "--gtest_also_run_disabled_tests"
Directory: /home/gamarino/Documentos/proyectos/protoPython/build/protoCore/test
"ModuleDiscoveryTest.ResolutionChain_GetReturnsNonEmpty" start time: Feb 03 14:38 -03
Output:
----------------------------------------------------------
Running main() from /home/gamarino/Documentos/proyectos/protoPython/build/_deps/googletest-src/googletest/src/gtest_main.cc
Note: Google Test filter = ModuleDiscoveryTest.ResolutionChain_GetReturnsNonEmpty
[==========] Running 1 test from 1 test suite.
[----------] Global test environment set-up.
[----------] 1 test from ModuleDiscoveryTest
[ RUN      ] ModuleDiscoveryTest.ResolutionChain_GetReturnsNonEmpty
[       OK ] ModuleDiscoveryTest.ResolutionChain_GetReturnsNonEmpty (0 ms)
[----------] 1 test from ModuleDiscoveryTest (0 ms total)

[----------] Global test environment tear-down
[==========] 1 test from 1 test suite ran. (0 ms total)
[  PASSED  ] 1 test.
<end of output>
Test time =   0.00 sec
----------------------------------------------------------
Test Passed.
"ModuleDiscoveryTest.ResolutionChain_GetReturnsNonEmpty" end time: Feb 03 14:38 -03
"ModuleDiscoveryTest.ResolutionChain_GetReturnsNonEmpty" time elapsed: 00:00:00
----------------------------------------------------------

27/62 Testing: ModuleDiscoveryTest.ResolutionChain_FirstEntryIsDotOnUnix
27/62 Test: ModuleDiscoveryTest.ResolutionChain_FirstEntryIsDotOnUnix
Command: "/home/gamarino/Documentos/proyectos/protoPython/build/protoCore/test/proto_tests" "--gtest_filter=ModuleDiscoveryTest.ResolutionChain_FirstEntryIsDotOnUnix" "--gtest_also_run_disabled_tests"
Directory: /home/gamarino/Documentos/proyectos/protoPython/build/protoCore/test
"ModuleDiscoveryTest.ResolutionChain_FirstEntryIsDotOnUnix" start time: Feb 03 14:38 -03
Output:
----------------------------------------------------------
Running main() from /home/gamarino/Documentos/proyectos/protoPython/build/_deps/googletest-src/googletest/src/gtest_main.cc
Note: Google Test filter = ModuleDiscoveryTest.ResolutionChain_FirstEntryIsDotOnUnix
[==========] Running 1 test from 1 test suite.
[----------] Global test environment set-up.
[----------] 1 test from ModuleDiscoveryTest
[ RUN      ] ModuleDiscoveryTest.ResolutionChain_FirstEntryIsDotOnUnix
[       OK ] ModuleDiscoveryTest.ResolutionChain_FirstEntryIsDotOnUnix (1 ms)
[----------] 1 test from ModuleDiscoveryTest (1 ms total)

[----------] Global test environment tear-down
[==========] 1 test from 1 test suite ran. (1 ms total)
[  PASSED  ] 1 test.
<end of output>
Test time =   0.01 sec
----------------------------------------------------------
Test Passed.
"ModuleDiscoveryTest.ResolutionChain_FirstEntryIsDotOnUnix" end time: Feb 03 14:38 -03
"ModuleDiscoveryTest.ResolutionChain_FirstEntryIsDotOnUnix" time elapsed: 00:00:00
----------------------------------------------------------

28/62 Testing: ModuleDiscoveryTest.GetImportModule_NoProviderReturnsNone
28/62 Test: ModuleDiscoveryTest.GetImportModule_NoProviderReturnsNone
Command: "/home/gamarino/Documentos/proyectos/protoPython/build/protoCore/test/proto_tests" "--gtest_filter=ModuleDiscoveryTest.GetImportModule_NoProviderReturnsNone" "--gtest_also_run_disabled_tests"
Directory: /home/gamarino/Documentos/proyectos/protoPython/build/protoCore/test
"ModuleDiscoveryTest.GetImportModule_NoProviderReturnsNone" start time: Feb 03 14:38 -03
Output:
----------------------------------------------------------
Running main() from /home/gamarino/Documentos/proyectos/protoPython/build/_deps/googletest-src/googletest/src/gtest_main.cc
Note: Google Test filter = ModuleDiscoveryTest.GetImportModule_NoProviderReturnsNone
[==========] Running 1 test from 1 test suite.
[----------] Global test environment set-up.
[----------] 1 test from ModuleDiscoveryTest
[ RUN      ] ModuleDiscoveryTest.GetImportModule_NoProviderReturnsNone
[       OK ] ModuleDiscoveryTest.GetImportModule_NoProviderReturnsNone (2 ms)
[----------] 1 test from ModuleDiscoveryTest (2 ms total)

[----------] Global test environment tear-down
[==========] 1 test from 1 test suite ran. (2 ms total)
[  PASSED  ] 1 test.
<end of output>
Test time =   0.02 sec
----------------------------------------------------------
Test Passed.
"ModuleDiscoveryTest.GetImportModule_NoProviderReturnsNone" end time: Feb 03 14:38 -03
"ModuleDiscoveryTest.GetImportModule_NoProviderReturnsNone" time elapsed: 00:00:00
----------------------------------------------------------

29/62 Testing: ModuleDiscoveryTest.GetImportModule_ProviderReturnsModule
29/62 Test: ModuleDiscoveryTest.GetImportModule_ProviderReturnsModule
Command: "/home/gamarino/Documentos/proyectos/protoPython/build/protoCore/test/proto_tests" "--gtest_filter=ModuleDiscoveryTest.GetImportModule_ProviderReturnsModule" "--gtest_also_run_disabled_tests"
Directory: /home/gamarino/Documentos/proyectos/protoPython/build/protoCore/test
"ModuleDiscoveryTest.GetImportModule_ProviderReturnsModule" start time: Feb 03 14:38 -03
Output:
----------------------------------------------------------
Running main() from /home/gamarino/Documentos/proyectos/protoPython/build/_deps/googletest-src/googletest/src/gtest_main.cc
Note: Google Test filter = ModuleDiscoveryTest.GetImportModule_ProviderReturnsModule
[==========] Running 1 test from 1 test suite.
[----------] Global test environment set-up.
[----------] 1 test from ModuleDiscoveryTest
[ RUN      ] ModuleDiscoveryTest.GetImportModule_ProviderReturnsModule
[       OK ] ModuleDiscoveryTest.GetImportModule_ProviderReturnsModule (1 ms)
[----------] 1 test from ModuleDiscoveryTest (1 ms total)

[----------] Global test environment tear-down
[==========] 1 test from 1 test suite ran. (1 ms total)
[  PASSED  ] 1 test.
<end of output>
Test time =   0.01 sec
----------------------------------------------------------
Test Passed.
"ModuleDiscoveryTest.GetImportModule_ProviderReturnsModule" end time: Feb 03 14:38 -03
"ModuleDiscoveryTest.GetImportModule_ProviderReturnsModule" time elapsed: 00:00:00
----------------------------------------------------------

30/62 Testing: ModuleDiscoveryTest.GetImportModule_CacheHit
30/62 Test: ModuleDiscoveryTest.GetImportModule_CacheHit
Command: "/home/gamarino/Documentos/proyectos/protoPython/build/protoCore/test/proto_tests" "--gtest_filter=ModuleDiscoveryTest.GetImportModule_CacheHit" "--gtest_also_run_disabled_tests"
Directory: /home/gamarino/Documentos/proyectos/protoPython/build/protoCore/test
"ModuleDiscoveryTest.GetImportModule_CacheHit" start time: Feb 03 14:38 -03
Output:
----------------------------------------------------------
Running main() from /home/gamarino/Documentos/proyectos/protoPython/build/_deps/googletest-src/googletest/src/gtest_main.cc
Note: Google Test filter = ModuleDiscoveryTest.GetImportModule_CacheHit
[==========] Running 1 test from 1 test suite.
[----------] Global test environment set-up.
[----------] 1 test from ModuleDiscoveryTest
[ RUN      ] ModuleDiscoveryTest.GetImportModule_CacheHit
[       OK ] ModuleDiscoveryTest.GetImportModule_CacheHit (1 ms)
[----------] 1 test from ModuleDiscoveryTest (1 ms total)

[----------] Global test environment tear-down
[==========] 1 test from 1 test suite ran. (2 ms total)
[  PASSED  ] 1 test.
<end of output>
Test time =   0.02 sec
----------------------------------------------------------
Test Passed.
"ModuleDiscoveryTest.GetImportModule_CacheHit" end time: Feb 03 14:38 -03
"ModuleDiscoveryTest.GetImportModule_CacheHit" time elapsed: 00:00:00
----------------------------------------------------------

31/62 Testing: ModuleDiscoveryTest.ProtoString_ToUTF8String
31/62 Test: ModuleDiscoveryTest.ProtoString_ToUTF8String
Command: "/home/gamarino/Documentos/proyectos/protoPython/build/protoCore/test/proto_tests" "--gtest_filter=ModuleDiscoveryTest.ProtoString_ToUTF8String" "--gtest_also_run_disabled_tests"
Directory: /home/gamarino/Documentos/proyectos/protoPython/build/protoCore/test
"ModuleDiscoveryTest.ProtoString_ToUTF8String" start time: Feb 03 14:38 -03
Output:
----------------------------------------------------------
Running main() from /home/gamarino/Documentos/proyectos/protoPython/build/_deps/googletest-src/googletest/src/gtest_main.cc
Note: Google Test filter = ModuleDiscoveryTest.ProtoString_ToUTF8String
[==========] Running 1 test from 1 test suite.
[----------] Global test environment set-up.
[----------] 1 test from ModuleDiscoveryTest
[ RUN      ] ModuleDiscoveryTest.ProtoString_ToUTF8String
[       OK ] ModuleDiscoveryTest.ProtoString_ToUTF8String (1 ms)
[----------] 1 test from ModuleDiscoveryTest (1 ms total)

[----------] Global test environment tear-down
[==========] 1 test from 1 test suite ran. (1 ms total)
[  PASSED  ] 1 test.
<end of output>
Test time =   0.01 sec
----------------------------------------------------------
Test Passed.
"ModuleDiscoveryTest.ProtoString_ToUTF8String" end time: Feb 03 14:38 -03
"ModuleDiscoveryTest.ProtoString_ToUTF8String" time elapsed: 00:00:00
----------------------------------------------------------

32/62 Testing: ObjectTest.Creation
32/62 Test: ObjectTest.Creation
Command: "/home/gamarino/Documentos/proyectos/protoPython/build/protoCore/test/proto_tests" "--gtest_filter=ObjectTest.Creation" "--gtest_also_run_disabled_tests"
Directory: /home/gamarino/Documentos/proyectos/protoPython/build/protoCore/test
"ObjectTest.Creation" start time: Feb 03 14:38 -03
Output:
----------------------------------------------------------
Running main() from /home/gamarino/Documentos/proyectos/protoPython/build/_deps/googletest-src/googletest/src/gtest_main.cc
Note: Google Test filter = ObjectTest.Creation
[==========] Running 1 test from 1 test suite.
[----------] Global test environment set-up.
[----------] 1 test from ObjectTest
[ RUN      ] ObjectTest.Creation
[       OK ] ObjectTest.Creation (1 ms)
[----------] 1 test from ObjectTest (1 ms total)

[----------] Global test environment tear-down
[==========] 1 test from 1 test suite ran. (1 ms total)
[  PASSED  ] 1 test.
<end of output>
Test time =   0.01 sec
----------------------------------------------------------
Test Passed.
"ObjectTest.Creation" end time: Feb 03 14:38 -03
"ObjectTest.Creation" time elapsed: 00:00:00
----------------------------------------------------------

33/62 Testing: ObjectTest.SetAndGetAttribute
33/62 Test: ObjectTest.SetAndGetAttribute
Command: "/home/gamarino/Documentos/proyectos/protoPython/build/protoCore/test/proto_tests" "--gtest_filter=ObjectTest.SetAndGetAttribute" "--gtest_also_run_disabled_tests"
Directory: /home/gamarino/Documentos/proyectos/protoPython/build/protoCore/test
"ObjectTest.SetAndGetAttribute" start time: Feb 03 14:38 -03
Output:
----------------------------------------------------------
Running main() from /home/gamarino/Documentos/proyectos/protoPython/build/_deps/googletest-src/googletest/src/gtest_main.cc
Note: Google Test filter = ObjectTest.SetAndGetAttribute
[==========] Running 1 test from 1 test suite.
[----------] Global test environment set-up.
[----------] 1 test from ObjectTest
[ RUN      ] ObjectTest.SetAndGetAttribute
[       OK ] ObjectTest.SetAndGetAttribute (1 ms)
[----------] 1 test from ObjectTest (1 ms total)

[----------] Global test environment tear-down
[==========] 1 test from 1 test suite ran. (1 ms total)
[  PASSED  ] 1 test.
<end of output>
Test time =   0.01 sec
----------------------------------------------------------
Test Passed.
"ObjectTest.SetAndGetAttribute" end time: Feb 03 14:38 -03
"ObjectTest.SetAndGetAttribute" time elapsed: 00:00:00
----------------------------------------------------------

34/62 Testing: ObjectTest.GetMissingAttribute
34/62 Test: ObjectTest.GetMissingAttribute
Command: "/home/gamarino/Documentos/proyectos/protoPython/build/protoCore/test/proto_tests" "--gtest_filter=ObjectTest.GetMissingAttribute" "--gtest_also_run_disabled_tests"
Directory: /home/gamarino/Documentos/proyectos/protoPython/build/protoCore/test
"ObjectTest.GetMissingAttribute" start time: Feb 03 14:38 -03
Output:
----------------------------------------------------------
Running main() from /home/gamarino/Documentos/proyectos/protoPython/build/_deps/googletest-src/googletest/src/gtest_main.cc
Note: Google Test filter = ObjectTest.GetMissingAttribute
[==========] Running 1 test from 1 test suite.
[----------] Global test environment set-up.
[----------] 1 test from ObjectTest
[ RUN      ] ObjectTest.GetMissingAttribute
[       OK ] ObjectTest.GetMissingAttribute (1 ms)
[----------] 1 test from ObjectTest (1 ms total)

[----------] Global test environment tear-down
[==========] 1 test from 1 test suite ran. (1 ms total)
[  PASSED  ] 1 test.
<end of output>
Test time =   0.01 sec
----------------------------------------------------------
Test Passed.
"ObjectTest.GetMissingAttribute" end time: Feb 03 14:38 -03
"ObjectTest.GetMissingAttribute" time elapsed: 00:00:00
----------------------------------------------------------

35/62 Testing: ObjectTest.SimpleInheritance
35/62 Test: ObjectTest.SimpleInheritance
Command: "/home/gamarino/Documentos/proyectos/protoPython/build/protoCore/test/proto_tests" "--gtest_filter=ObjectTest.SimpleInheritance" "--gtest_also_run_disabled_tests"
Directory: /home/gamarino/Documentos/proyectos/protoPython/build/protoCore/test
"ObjectTest.SimpleInheritance" start time: Feb 03 14:38 -03
Output:
----------------------------------------------------------
Running main() from /home/gamarino/Documentos/proyectos/protoPython/build/_deps/googletest-src/googletest/src/gtest_main.cc
Note: Google Test filter = ObjectTest.SimpleInheritance
[==========] Running 1 test from 1 test suite.
[----------] Global test environment set-up.
[----------] 1 test from ObjectTest
[ RUN      ] ObjectTest.SimpleInheritance
[       OK ] ObjectTest.SimpleInheritance (0 ms)
[----------] 1 test from ObjectTest (0 ms total)

[----------] Global test environment tear-down
[==========] 1 test from 1 test suite ran. (0 ms total)
[  PASSED  ] 1 test.
<end of output>
Test time =   0.00 sec
----------------------------------------------------------
Test Passed.
"ObjectTest.SimpleInheritance" end time: Feb 03 14:38 -03
"ObjectTest.SimpleInheritance" time elapsed: 00:00:00
----------------------------------------------------------

36/62 Testing: ObjectTest.AttributeOverriding
36/62 Test: ObjectTest.AttributeOverriding
Command: "/home/gamarino/Documentos/proyectos/protoPython/build/protoCore/test/proto_tests" "--gtest_filter=ObjectTest.AttributeOverriding" "--gtest_also_run_disabled_tests"
Directory: /home/gamarino/Documentos/proyectos/protoPython/build/protoCore/test
"ObjectTest.AttributeOverriding" start time: Feb 03 14:38 -03
Output:
----------------------------------------------------------
Running main() from /home/gamarino/Documentos/proyectos/protoPython/build/_deps/googletest-src/googletest/src/gtest_main.cc
Note: Google Test filter = ObjectTest.AttributeOverriding
[==========] Running 1 test from 1 test suite.
[----------] Global test environment set-up.
[----------] 1 test from ObjectTest
[ RUN      ] ObjectTest.AttributeOverriding
[       OK ] ObjectTest.AttributeOverriding (2 ms)
[----------] 1 test from ObjectTest (2 ms total)

[----------] Global test environment tear-down
[==========] 1 test from 1 test suite ran. (2 ms total)
[  PASSED  ] 1 test.
<end of output>
Test time =   0.02 sec
----------------------------------------------------------
Test Passed.
"ObjectTest.AttributeOverriding" end time: Feb 03 14:38 -03
"ObjectTest.AttributeOverriding" time elapsed: 00:00:00
----------------------------------------------------------

37/62 Testing: ObjectTest.HasAttribute
37/62 Test: ObjectTest.HasAttribute
Command: "/home/gamarino/Documentos/proyectos/protoPython/build/protoCore/test/proto_tests" "--gtest_filter=ObjectTest.HasAttribute" "--gtest_also_run_disabled_tests"
Directory: /home/gamarino/Documentos/proyectos/protoPython/build/protoCore/test
"ObjectTest.HasAttribute" start time: Feb 03 14:38 -03
Output:
----------------------------------------------------------
Running main() from /home/gamarino/Documentos/proyectos/protoPython/build/_deps/googletest-src/googletest/src/gtest_main.cc
Note: Google Test filter = ObjectTest.HasAttribute
[==========] Running 1 test from 1 test suite.
[----------] Global test environment set-up.
[----------] 1 test from ObjectTest
[ RUN      ] ObjectTest.HasAttribute
[       OK ] ObjectTest.HasAttribute (0 ms)
[----------] 1 test from ObjectTest (0 ms total)

[----------] Global test environment tear-down
[==========] 1 test from 1 test suite ran. (1 ms total)
[  PASSED  ] 1 test.
<end of output>
Test time =   0.01 sec
----------------------------------------------------------
Test Passed.
"ObjectTest.HasAttribute" end time: Feb 03 14:38 -03
"ObjectTest.HasAttribute" time elapsed: 00:00:00
----------------------------------------------------------

38/62 Testing: PrimitivesTest.IntegerHandling
38/62 Test: PrimitivesTest.IntegerHandling
Command: "/home/gamarino/Documentos/proyectos/protoPython/build/protoCore/test/proto_tests" "--gtest_filter=PrimitivesTest.IntegerHandling" "--gtest_also_run_disabled_tests"
Directory: /home/gamarino/Documentos/proyectos/protoPython/build/protoCore/test
"PrimitivesTest.IntegerHandling" start time: Feb 03 14:38 -03
Output:
----------------------------------------------------------
Running main() from /home/gamarino/Documentos/proyectos/protoPython/build/_deps/googletest-src/googletest/src/gtest_main.cc
Note: Google Test filter = PrimitivesTest.IntegerHandling
[==========] Running 1 test from 1 test suite.
[----------] Global test environment set-up.
[----------] 1 test from PrimitivesTest
[ RUN      ] PrimitivesTest.IntegerHandling
[       OK ] PrimitivesTest.IntegerHandling (7 ms)
[----------] 1 test from PrimitivesTest (7 ms total)

[----------] Global test environment tear-down
[==========] 1 test from 1 test suite ran. (7 ms total)
[  PASSED  ] 1 test.
<end of output>
Test time =   0.01 sec
----------------------------------------------------------
Test Passed.
"PrimitivesTest.IntegerHandling" end time: Feb 03 14:38 -03
"PrimitivesTest.IntegerHandling" time elapsed: 00:00:00
----------------------------------------------------------

39/62 Testing: PrimitivesTest.BooleanHandling
39/62 Test: PrimitivesTest.BooleanHandling
Command: "/home/gamarino/Documentos/proyectos/protoPython/build/protoCore/test/proto_tests" "--gtest_filter=PrimitivesTest.BooleanHandling" "--gtest_also_run_disabled_tests"
Directory: /home/gamarino/Documentos/proyectos/protoPython/build/protoCore/test
"PrimitivesTest.BooleanHandling" start time: Feb 03 14:38 -03
Output:
----------------------------------------------------------
Running main() from /home/gamarino/Documentos/proyectos/protoPython/build/_deps/googletest-src/googletest/src/gtest_main.cc
Note: Google Test filter = PrimitivesTest.BooleanHandling
[==========] Running 1 test from 1 test suite.
[----------] Global test environment set-up.
[----------] 1 test from PrimitivesTest
[ RUN      ] PrimitivesTest.BooleanHandling
[       OK ] PrimitivesTest.BooleanHandling (1 ms)
[----------] 1 test from PrimitivesTest (1 ms total)

[----------] Global test environment tear-down
[==========] 1 test from 1 test suite ran. (1 ms total)
[  PASSED  ] 1 test.
<end of output>
Test time =   0.01 sec
----------------------------------------------------------
Test Passed.
"PrimitivesTest.BooleanHandling" end time: Feb 03 14:38 -03
"PrimitivesTest.BooleanHandling" time elapsed: 00:00:00
----------------------------------------------------------

40/62 Testing: PrimitivesTest.NoneHandling
40/62 Test: PrimitivesTest.NoneHandling
Command: "/home/gamarino/Documentos/proyectos/protoPython/build/protoCore/test/proto_tests" "--gtest_filter=PrimitivesTest.NoneHandling" "--gtest_also_run_disabled_tests"
Directory: /home/gamarino/Documentos/proyectos/protoPython/build/protoCore/test
"PrimitivesTest.NoneHandling" start time: Feb 03 14:38 -03
Output:
----------------------------------------------------------
Running main() from /home/gamarino/Documentos/proyectos/protoPython/build/_deps/googletest-src/googletest/src/gtest_main.cc
Note: Google Test filter = PrimitivesTest.NoneHandling
[==========] Running 1 test from 1 test suite.
[----------] Global test environment set-up.
[----------] 1 test from PrimitivesTest
[ RUN      ] PrimitivesTest.NoneHandling
[       OK ] PrimitivesTest.NoneHandling (0 ms)
[----------] 1 test from PrimitivesTest (0 ms total)

[----------] Global test environment tear-down
[==========] 1 test from 1 test suite ran. (0 ms total)
[  PASSED  ] 1 test.
<end of output>
Test time =   0.01 sec
----------------------------------------------------------
Test Passed.
"PrimitivesTest.NoneHandling" end time: Feb 03 14:38 -03
"PrimitivesTest.NoneHandling" time elapsed: 00:00:00
----------------------------------------------------------

41/62 Testing: PrimitivesTest.StringHandling
41/62 Test: PrimitivesTest.StringHandling
Command: "/home/gamarino/Documentos/proyectos/protoPython/build/protoCore/test/proto_tests" "--gtest_filter=PrimitivesTest.StringHandling" "--gtest_also_run_disabled_tests"
Directory: /home/gamarino/Documentos/proyectos/protoPython/build/protoCore/test
"PrimitivesTest.StringHandling" start time: Feb 03 14:38 -03
Output:
----------------------------------------------------------
Running main() from /home/gamarino/Documentos/proyectos/protoPython/build/_deps/googletest-src/googletest/src/gtest_main.cc
Note: Google Test filter = PrimitivesTest.StringHandling
[==========] Running 1 test from 1 test suite.
[----------] Global test environment set-up.
[----------] 1 test from PrimitivesTest
[ RUN      ] PrimitivesTest.StringHandling
[       OK ] PrimitivesTest.StringHandling (0 ms)
[----------] 1 test from PrimitivesTest (0 ms total)

[----------] Global test environment tear-down
[==========] 1 test from 1 test suite ran. (0 ms total)
[  PASSED  ] 1 test.
<end of output>
Test time =   0.00 sec
----------------------------------------------------------
Test Passed.
"PrimitivesTest.StringHandling" end time: Feb 03 14:38 -03
"PrimitivesTest.StringHandling" time elapsed: 00:00:00
----------------------------------------------------------

42/62 Testing: SetTest.CreateEmptySet
42/62 Test: SetTest.CreateEmptySet
Command: "/home/gamarino/Documentos/proyectos/protoPython/build/protoCore/test/proto_tests" "--gtest_filter=SetTest.CreateEmptySet" "--gtest_also_run_disabled_tests"
Directory: /home/gamarino/Documentos/proyectos/protoPython/build/protoCore/test
"SetTest.CreateEmptySet" start time: Feb 03 14:38 -03
Output:
----------------------------------------------------------
Running main() from /home/gamarino/Documentos/proyectos/protoPython/build/_deps/googletest-src/googletest/src/gtest_main.cc
Note: Google Test filter = SetTest.CreateEmptySet
[==========] Running 1 test from 1 test suite.
[----------] Global test environment set-up.
[----------] 1 test from SetTest
[ RUN      ] SetTest.CreateEmptySet
[       OK ] SetTest.CreateEmptySet (1 ms)
[----------] 1 test from SetTest (1 ms total)

[----------] Global test environment tear-down
[==========] 1 test from 1 test suite ran. (1 ms total)
[  PASSED  ] 1 test.
<end of output>
Test time =   0.01 sec
----------------------------------------------------------
Test Passed.
"SetTest.CreateEmptySet" end time: Feb 03 14:38 -03
"SetTest.CreateEmptySet" time elapsed: 00:00:00
----------------------------------------------------------

43/62 Testing: SetTest.AddAndHas
43/62 Test: SetTest.AddAndHas
Command: "/home/gamarino/Documentos/proyectos/protoPython/build/protoCore/test/proto_tests" "--gtest_filter=SetTest.AddAndHas" "--gtest_also_run_disabled_tests"
Directory: /home/gamarino/Documentos/proyectos/protoPython/build/protoCore/test
"SetTest.AddAndHas" start time: Feb 03 14:38 -03
Output:
----------------------------------------------------------
Running main() from /home/gamarino/Documentos/proyectos/protoPython/build/_deps/googletest-src/googletest/src/gtest_main.cc
Note: Google Test filter = SetTest.AddAndHas
[==========] Running 1 test from 1 test suite.
[----------] Global test environment set-up.
[----------] 1 test from SetTest
[ RUN      ] SetTest.AddAndHas
[       OK ] SetTest.AddAndHas (2 ms)
[----------] 1 test from SetTest (2 ms total)

[----------] Global test environment tear-down
[==========] 1 test from 1 test suite ran. (2 ms total)
[  PASSED  ] 1 test.
<end of output>
Test time =   0.01 sec
----------------------------------------------------------
Test Passed.
"SetTest.AddAndHas" end time: Feb 03 14:38 -03
"SetTest.AddAndHas" time elapsed: 00:00:00
----------------------------------------------------------

44/62 Testing: SetTest.AddExisting
44/62 Test: SetTest.AddExisting
Command: "/home/gamarino/Documentos/proyectos/protoPython/build/protoCore/test/proto_tests" "--gtest_filter=SetTest.AddExisting" "--gtest_also_run_disabled_tests"
Directory: /home/gamarino/Documentos/proyectos/protoPython/build/protoCore/test
"SetTest.AddExisting" start time: Feb 03 14:38 -03
Output:
----------------------------------------------------------
Running main() from /home/gamarino/Documentos/proyectos/protoPython/build/_deps/googletest-src/googletest/src/gtest_main.cc
Note: Google Test filter = SetTest.AddExisting
[==========] Running 1 test from 1 test suite.
[----------] Global test environment set-up.
[----------] 1 test from SetTest
[ RUN      ] SetTest.AddExisting
[       OK ] SetTest.AddExisting (1 ms)
[----------] 1 test from SetTest (1 ms total)

[----------] Global test environment tear-down
[==========] 1 test from 1 test suite ran. (1 ms total)
[  PASSED  ] 1 test.
<end of output>
Test time =   0.01 sec
----------------------------------------------------------
Test Passed.
"SetTest.AddExisting" end time: Feb 03 14:38 -03
"SetTest.AddExisting" time elapsed: 00:00:00
----------------------------------------------------------

45/62 Testing: SetTest.Remove
45/62 Test: SetTest.Remove
Command: "/home/gamarino/Documentos/proyectos/protoPython/build/protoCore/test/proto_tests" "--gtest_filter=SetTest.Remove" "--gtest_also_run_disabled_tests"
Directory: /home/gamarino/Documentos/proyectos/protoPython/build/protoCore/test
"SetTest.Remove" start time: Feb 03 14:38 -03
Output:
----------------------------------------------------------
Running main() from /home/gamarino/Documentos/proyectos/protoPython/build/_deps/googletest-src/googletest/src/gtest_main.cc
Note: Google Test filter = SetTest.Remove
[==========] Running 1 test from 1 test suite.
[----------] Global test environment set-up.
[----------] 1 test from SetTest
[ RUN      ] SetTest.Remove
[       OK ] SetTest.Remove (7 ms)
[----------] 1 test from SetTest (7 ms total)

[----------] Global test environment tear-down
[==========] 1 test from 1 test suite ran. (8 ms total)
[  PASSED  ] 1 test.
<end of output>
Test time =   0.02 sec
----------------------------------------------------------
Test Passed.
"SetTest.Remove" end time: Feb 03 14:38 -03
"SetTest.Remove" time elapsed: 00:00:00
----------------------------------------------------------

46/62 Testing: SetTest.RemoveNonExistent
46/62 Test: SetTest.RemoveNonExistent
Command: "/home/gamarino/Documentos/proyectos/protoPython/build/protoCore/test/proto_tests" "--gtest_filter=SetTest.RemoveNonExistent" "--gtest_also_run_disabled_tests"
Directory: /home/gamarino/Documentos/proyectos/protoPython/build/protoCore/test
"SetTest.RemoveNonExistent" start time: Feb 03 14:38 -03
Output:
----------------------------------------------------------
Running main() from /home/gamarino/Documentos/proyectos/protoPython/build/_deps/googletest-src/googletest/src/gtest_main.cc
Note: Google Test filter = SetTest.RemoveNonExistent
[==========] Running 1 test from 1 test suite.
[----------] Global test environment set-up.
[----------] 1 test from SetTest
[ RUN      ] SetTest.RemoveNonExistent
[       OK ] SetTest.RemoveNonExistent (1 ms)
[----------] 1 test from SetTest (1 ms total)

[----------] Global test environment tear-down
[==========] 1 test from 1 test suite ran. (1 ms total)
[  PASSED  ] 1 test.
<end of output>
Test time =   0.01 sec
----------------------------------------------------------
Test Passed.
"SetTest.RemoveNonExistent" end time: Feb 03 14:38 -03
"SetTest.RemoveNonExistent" time elapsed: 00:00:00
----------------------------------------------------------

47/62 Testing: MultisetTest.CreateEmptyMultiset
47/62 Test: MultisetTest.CreateEmptyMultiset
Command: "/home/gamarino/Documentos/proyectos/protoPython/build/protoCore/test/proto_tests" "--gtest_filter=MultisetTest.CreateEmptyMultiset" "--gtest_also_run_disabled_tests"
Directory: /home/gamarino/Documentos/proyectos/protoPython/build/protoCore/test
"MultisetTest.CreateEmptyMultiset" start time: Feb 03 14:38 -03
Output:
----------------------------------------------------------
Running main() from /home/gamarino/Documentos/proyectos/protoPython/build/_deps/googletest-src/googletest/src/gtest_main.cc
Note: Google Test filter = MultisetTest.CreateEmptyMultiset
[==========] Running 1 test from 1 test suite.
[----------] Global test environment set-up.
[----------] 1 test from MultisetTest
[ RUN      ] MultisetTest.CreateEmptyMultiset
[       OK ] MultisetTest.CreateEmptyMultiset (0 ms)
[----------] 1 test from MultisetTest (0 ms total)

[----------] Global test environment tear-down
[==========] 1 test from 1 test suite ran. (0 ms total)
[  PASSED  ] 1 test.
<end of output>
Test time =   0.01 sec
----------------------------------------------------------
Test Passed.
"MultisetTest.CreateEmptyMultiset" end time: Feb 03 14:38 -03
"MultisetTest.CreateEmptyMultiset" time elapsed: 00:00:00
----------------------------------------------------------

48/62 Testing: MultisetTest.AddAndCount
48/62 Test: MultisetTest.AddAndCount
Command: "/home/gamarino/Documentos/proyectos/protoPython/build/protoCore/test/proto_tests" "--gtest_filter=MultisetTest.AddAndCount" "--gtest_also_run_disabled_tests"
Directory: /home/gamarino/Documentos/proyectos/protoPython/build/protoCore/test
"MultisetTest.AddAndCount" start time: Feb 03 14:38 -03
Output:
----------------------------------------------------------
Running main() from /home/gamarino/Documentos/proyectos/protoPython/build/_deps/googletest-src/googletest/src/gtest_main.cc
Note: Google Test filter = MultisetTest.AddAndCount
[==========] Running 1 test from 1 test suite.
[----------] Global test environment set-up.
[----------] 1 test from MultisetTest
[ RUN      ] MultisetTest.AddAndCount
[       OK ] MultisetTest.AddAndCount (1 ms)
[----------] 1 test from MultisetTest (1 ms total)

[----------] Global test environment tear-down
[==========] 1 test from 1 test suite ran. (1 ms total)
[  PASSED  ] 1 test.
<end of output>
Test time =   0.01 sec
----------------------------------------------------------
Test Passed.
"MultisetTest.AddAndCount" end time: Feb 03 14:38 -03
"MultisetTest.AddAndCount" time elapsed: 00:00:00
----------------------------------------------------------

49/62 Testing: MultisetTest.Remove
49/62 Test: MultisetTest.Remove
Command: "/home/gamarino/Documentos/proyectos/protoPython/build/protoCore/test/proto_tests" "--gtest_filter=MultisetTest.Remove" "--gtest_also_run_disabled_tests"
Directory: /home/gamarino/Documentos/proyectos/protoPython/build/protoCore/test
"MultisetTest.Remove" start time: Feb 03 14:38 -03
Output:
----------------------------------------------------------
Running main() from /home/gamarino/Documentos/proyectos/protoPython/build/_deps/googletest-src/googletest/src/gtest_main.cc
Note: Google Test filter = MultisetTest.Remove
[==========] Running 1 test from 1 test suite.
[----------] Global test environment set-up.
[----------] 1 test from MultisetTest
[ RUN      ] MultisetTest.Remove
[       OK ] MultisetTest.Remove (0 ms)
[----------] 1 test from MultisetTest (0 ms total)

[----------] Global test environment tear-down
[==========] 1 test from 1 test suite ran. (0 ms total)
[  PASSED  ] 1 test.
<end of output>
Test time =   0.01 sec
----------------------------------------------------------
Test Passed.
"MultisetTest.Remove" end time: Feb 03 14:38 -03
"MultisetTest.Remove" time elapsed: 00:00:00
----------------------------------------------------------

50/62 Testing: MultisetTest.RemoveNonExistent
50/62 Test: MultisetTest.RemoveNonExistent
Command: "/home/gamarino/Documentos/proyectos/protoPython/build/protoCore/test/proto_tests" "--gtest_filter=MultisetTest.RemoveNonExistent" "--gtest_also_run_disabled_tests"
Directory: /home/gamarino/Documentos/proyectos/protoPython/build/protoCore/test
"MultisetTest.RemoveNonExistent" start time: Feb 03 14:38 -03
Output:
----------------------------------------------------------
Running main() from /home/gamarino/Documentos/proyectos/protoPython/build/_deps/googletest-src/googletest/src/gtest_main.cc
Note: Google Test filter = MultisetTest.RemoveNonExistent
[==========] Running 1 test from 1 test suite.
[----------] Global test environment set-up.
[----------] 1 test from MultisetTest
[ RUN      ] MultisetTest.RemoveNonExistent
[       OK ] MultisetTest.RemoveNonExistent (4 ms)
[----------] 1 test from MultisetTest (5 ms total)

[----------] Global test environment tear-down
[==========] 1 test from 1 test suite ran. (5 ms total)
[  PASSED  ] 1 test.
<end of output>
Test time =   0.01 sec
----------------------------------------------------------
Test Passed.
"MultisetTest.RemoveNonExistent" end time: Feb 03 14:38 -03
"MultisetTest.RemoveNonExistent" time elapsed: 00:00:00
----------------------------------------------------------

51/62 Testing: SparseListTest.CreationAndSize
51/62 Test: SparseListTest.CreationAndSize
Command: "/home/gamarino/Documentos/proyectos/protoPython/build/protoCore/test/proto_tests" "--gtest_filter=SparseListTest.CreationAndSize" "--gtest_also_run_disabled_tests"
Directory: /home/gamarino/Documentos/proyectos/protoPython/build/protoCore/test
"SparseListTest.CreationAndSize" start time: Feb 03 14:38 -03
Output:
----------------------------------------------------------
Running main() from /home/gamarino/Documentos/proyectos/protoPython/build/_deps/googletest-src/googletest/src/gtest_main.cc
Note: Google Test filter = SparseListTest.CreationAndSize
[==========] Running 1 test from 1 test suite.
[----------] Global test environment set-up.
[----------] 1 test from SparseListTest
[ RUN      ] SparseListTest.CreationAndSize
[       OK ] SparseListTest.CreationAndSize (1 ms)
[----------] 1 test from SparseListTest (1 ms total)

[----------] Global test environment tear-down
[==========] 1 test from 1 test suite ran. (1 ms total)
[  PASSED  ] 1 test.
<end of output>
Test time =   0.01 sec
----------------------------------------------------------
Test Passed.
"SparseListTest.CreationAndSize" end time: Feb 03 14:38 -03
"SparseListTest.CreationAndSize" time elapsed: 00:00:00
----------------------------------------------------------

52/62 Testing: SparseListTest.SetAndGet
52/62 Test: SparseListTest.SetAndGet
Command: "/home/gamarino/Documentos/proyectos/protoPython/build/protoCore/test/proto_tests" "--gtest_filter=SparseListTest.SetAndGet" "--gtest_also_run_disabled_tests"
Directory: /home/gamarino/Documentos/proyectos/protoPython/build/protoCore/test
"SparseListTest.SetAndGet" start time: Feb 03 14:38 -03
Output:
----------------------------------------------------------
Running main() from /home/gamarino/Documentos/proyectos/protoPython/build/_deps/googletest-src/googletest/src/gtest_main.cc
Note: Google Test filter = SparseListTest.SetAndGet
[==========] Running 1 test from 1 test suite.
[----------] Global test environment set-up.
[----------] 1 test from SparseListTest
[ RUN      ] SparseListTest.SetAndGet
[       OK ] SparseListTest.SetAndGet (0 ms)
[----------] 1 test from SparseListTest (0 ms total)

[----------] Global test environment tear-down
[==========] 1 test from 1 test suite ran. (0 ms total)
[  PASSED  ] 1 test.
<end of output>
Test time =   0.01 sec
----------------------------------------------------------
Test Passed.
"SparseListTest.SetAndGet" end time: Feb 03 14:38 -03
"SparseListTest.SetAndGet" time elapsed: 00:00:00
----------------------------------------------------------

53/62 Testing: SparseListTest.UseAsStringKeys
53/62 Test: SparseListTest.UseAsStringKeys
Command: "/home/gamarino/Documentos/proyectos/protoPython/build/protoCore/test/proto_tests" "--gtest_filter=SparseListTest.UseAsStringKeys" "--gtest_also_run_disabled_tests"
Directory: /home/gamarino/Documentos/proyectos/protoPython/build/protoCore/test
"SparseListTest.UseAsStringKeys" start time: Feb 03 14:38 -03
Output:
----------------------------------------------------------
Running main() from /home/gamarino/Documentos/proyectos/protoPython/build/_deps/googletest-src/googletest/src/gtest_main.cc
Note: Google Test filter = SparseListTest.UseAsStringKeys
[==========] Running 1 test from 1 test suite.
[----------] Global test environment set-up.
[----------] 1 test from SparseListTest
[ RUN      ] SparseListTest.UseAsStringKeys
[       OK ] SparseListTest.UseAsStringKeys (0 ms)
[----------] 1 test from SparseListTest (0 ms total)

[----------] Global test environment tear-down
[==========] 1 test from 1 test suite ran. (0 ms total)
[  PASSED  ] 1 test.
<end of output>
Test time =   0.00 sec
----------------------------------------------------------
Test Passed.
"SparseListTest.UseAsStringKeys" end time: Feb 03 14:38 -03
"SparseListTest.UseAsStringKeys" time elapsed: 00:00:00
----------------------------------------------------------

54/62 Testing: SparseListTest.ImmutabilityOnSet
54/62 Test: SparseListTest.ImmutabilityOnSet
Command: "/home/gamarino/Documentos/proyectos/protoPython/build/protoCore/test/proto_tests" "--gtest_filter=SparseListTest.ImmutabilityOnSet" "--gtest_also_run_disabled_tests"
Directory: /home/gamarino/Documentos/proyectos/protoPython/build/protoCore/test
"SparseListTest.ImmutabilityOnSet" start time: Feb 03 14:38 -03
Output:
----------------------------------------------------------
Running main() from /home/gamarino/Documentos/proyectos/protoPython/build/_deps/googletest-src/googletest/src/gtest_main.cc
Note: Google Test filter = SparseListTest.ImmutabilityOnSet
[==========] Running 1 test from 1 test suite.
[----------] Global test environment set-up.
[----------] 1 test from SparseListTest
[ RUN      ] SparseListTest.ImmutabilityOnSet
[       OK ] SparseListTest.ImmutabilityOnSet (1 ms)
[----------] 1 test from SparseListTest (1 ms total)

[----------] Global test environment tear-down
[==========] 1 test from 1 test suite ran. (1 ms total)
[  PASSED  ] 1 test.
<end of output>
Test time =   0.02 sec
----------------------------------------------------------
Test Passed.
"SparseListTest.ImmutabilityOnSet" end time: Feb 03 14:38 -03
"SparseListTest.ImmutabilityOnSet" time elapsed: 00:00:00
----------------------------------------------------------

55/62 Testing: SparseListTest.RemoveAt
55/62 Test: SparseListTest.RemoveAt
Command: "/home/gamarino/Documentos/proyectos/protoPython/build/protoCore/test/proto_tests" "--gtest_filter=SparseListTest.RemoveAt" "--gtest_also_run_disabled_tests"
Directory: /home/gamarino/Documentos/proyectos/protoPython/build/protoCore/test
"SparseListTest.RemoveAt" start time: Feb 03 14:38 -03
Output:
----------------------------------------------------------
Running main() from /home/gamarino/Documentos/proyectos/protoPython/build/_deps/googletest-src/googletest/src/gtest_main.cc
Note: Google Test filter = SparseListTest.RemoveAt
[==========] Running 1 test from 1 test suite.
[----------] Global test environment set-up.
[----------] 1 test from SparseListTest
[ RUN      ] SparseListTest.RemoveAt
[       OK ] SparseListTest.RemoveAt (1 ms)
[----------] 1 test from SparseListTest (1 ms total)

[----------] Global test environment tear-down
[==========] 1 test from 1 test suite ran. (1 ms total)
[  PASSED  ] 1 test.
<end of output>
Test time =   0.01 sec
----------------------------------------------------------
Test Passed.
"SparseListTest.RemoveAt" end time: Feb 03 14:38 -03
"SparseListTest.RemoveAt" time elapsed: 00:00:00
----------------------------------------------------------

56/62 Testing: TupleTest.CreationAndSize
56/62 Test: TupleTest.CreationAndSize
Command: "/home/gamarino/Documentos/proyectos/protoPython/build/protoCore/test/proto_tests" "--gtest_filter=TupleTest.CreationAndSize" "--gtest_also_run_disabled_tests"
Directory: /home/gamarino/Documentos/proyectos/protoPython/build/protoCore/test
"TupleTest.CreationAndSize" start time: Feb 03 14:38 -03
Output:
----------------------------------------------------------
Running main() from /home/gamarino/Documentos/proyectos/protoPython/build/_deps/googletest-src/googletest/src/gtest_main.cc
Note: Google Test filter = TupleTest.CreationAndSize
[==========] Running 1 test from 1 test suite.
[----------] Global test environment set-up.
[----------] 1 test from TupleTest
[ RUN      ] TupleTest.CreationAndSize
[       OK ] TupleTest.CreationAndSize (1 ms)
[----------] 1 test from TupleTest (1 ms total)

[----------] Global test environment tear-down
[==========] 1 test from 1 test suite ran. (1 ms total)
[  PASSED  ] 1 test.
<end of output>
Test time =   0.01 sec
----------------------------------------------------------
Test Passed.
"TupleTest.CreationAndSize" end time: Feb 03 14:38 -03
"TupleTest.CreationAndSize" time elapsed: 00:00:00
----------------------------------------------------------

57/62 Testing: TupleTest.CreationFromList
57/62 Test: TupleTest.CreationFromList
Command: "/home/gamarino/Documentos/proyectos/protoPython/build/protoCore/test/proto_tests" "--gtest_filter=TupleTest.CreationFromList" "--gtest_also_run_disabled_tests"
Directory: /home/gamarino/Documentos/proyectos/protoPython/build/protoCore/test
"TupleTest.CreationFromList" start time: Feb 03 14:38 -03
Output:
----------------------------------------------------------
Running main() from /home/gamarino/Documentos/proyectos/protoPython/build/_deps/googletest-src/googletest/src/gtest_main.cc
Note: Google Test filter = TupleTest.CreationFromList
[==========] Running 1 test from 1 test suite.
[----------] Global test environment set-up.
[----------] 1 test from TupleTest
[ RUN      ] TupleTest.CreationFromList
[       OK ] TupleTest.CreationFromList (0 ms)
[----------] 1 test from TupleTest (0 ms total)

[----------] Global test environment tear-down
[==========] 1 test from 1 test suite ran. (0 ms total)
[  PASSED  ] 1 test.
<end of output>
Test time =   0.01 sec
----------------------------------------------------------
Test Passed.
"TupleTest.CreationFromList" end time: Feb 03 14:38 -03
"TupleTest.CreationFromList" time elapsed: 00:00:00
----------------------------------------------------------

58/62 Testing: TupleTest.GetAt
58/62 Test: TupleTest.GetAt
Command: "/home/gamarino/Documentos/proyectos/protoPython/build/protoCore/test/proto_tests" "--gtest_filter=TupleTest.GetAt" "--gtest_also_run_disabled_tests"
Directory: /home/gamarino/Documentos/proyectos/protoPython/build/protoCore/test
"TupleTest.GetAt" start time: Feb 03 14:38 -03
Output:
----------------------------------------------------------
Running main() from /home/gamarino/Documentos/proyectos/protoPython/build/_deps/googletest-src/googletest/src/gtest_main.cc
Note: Google Test filter = TupleTest.GetAt
[==========] Running 1 test from 1 test suite.
[----------] Global test environment set-up.
[----------] 1 test from TupleTest
[ RUN      ] TupleTest.GetAt
[       OK ] TupleTest.GetAt (1 ms)
[----------] 1 test from TupleTest (1 ms total)

[----------] Global test environment tear-down
[==========] 1 test from 1 test suite ran. (1 ms total)
[  PASSED  ] 1 test.
<end of output>
Test time =   0.02 sec
----------------------------------------------------------
Test Passed.
"TupleTest.GetAt" end time: Feb 03 14:38 -03
"TupleTest.GetAt" time elapsed: 00:00:00
----------------------------------------------------------

59/62 Testing: TupleTest.Interning
59/62 Test: TupleTest.Interning
Command: "/home/gamarino/Documentos/proyectos/protoPython/build/protoCore/test/proto_tests" "--gtest_filter=TupleTest.Interning" "--gtest_also_run_disabled_tests"
Directory: /home/gamarino/Documentos/proyectos/protoPython/build/protoCore/test
"TupleTest.Interning" start time: Feb 03 14:38 -03
Output:
----------------------------------------------------------
Running main() from /home/gamarino/Documentos/proyectos/protoPython/build/_deps/googletest-src/googletest/src/gtest_main.cc
Note: Google Test filter = TupleTest.Interning
[==========] Running 1 test from 1 test suite.
[----------] Global test environment set-up.
[----------] 1 test from TupleTest
[ RUN      ] TupleTest.Interning
[       OK ] TupleTest.Interning (1 ms)
[----------] 1 test from TupleTest (1 ms total)

[----------] Global test environment tear-down
[==========] 1 test from 1 test suite ran. (1 ms total)
[  PASSED  ] 1 test.
<end of output>
Test time =   0.01 sec
----------------------------------------------------------
Test Passed.
"TupleTest.Interning" end time: Feb 03 14:38 -03
"TupleTest.Interning" time elapsed: 00:00:00
----------------------------------------------------------

60/62 Testing: TupleTest.GetSlice
60/62 Test: TupleTest.GetSlice
Command: "/home/gamarino/Documentos/proyectos/protoPython/build/protoCore/test/proto_tests" "--gtest_filter=TupleTest.GetSlice" "--gtest_also_run_disabled_tests"
Directory: /home/gamarino/Documentos/proyectos/protoPython/build/protoCore/test
"TupleTest.GetSlice" start time: Feb 03 14:38 -03
Output:
----------------------------------------------------------
Running main() from /home/gamarino/Documentos/proyectos/protoPython/build/_deps/googletest-src/googletest/src/gtest_main.cc
Note: Google Test filter = TupleTest.GetSlice
[==========] Running 1 test from 1 test suite.
[----------] Global test environment set-up.
[----------] 1 test from TupleTest
[ RUN      ] TupleTest.GetSlice
[       OK ] TupleTest.GetSlice (0 ms)
[----------] 1 test from TupleTest (0 ms total)

[----------] Global test environment tear-down
[==========] 1 test from 1 test suite ran. (0 ms total)
[  PASSED  ] 1 test.
<end of output>
Test time =   0.01 sec
----------------------------------------------------------
Test Passed.
"TupleTest.GetSlice" end time: Feb 03 14:38 -03
"TupleTest.GetSlice" time elapsed: 00:00:00
----------------------------------------------------------

61/62 Testing: test_foundation
61/62 Test: test_foundation
Command: "/home/gamarino/Documentos/proyectos/protoPython/build/test/library/test_foundation"
Directory: /home/gamarino/Documentos/proyectos/protoPython/build/test/library
"test_foundation" start time: Feb 03 14:38 -03
Output:
----------------------------------------------------------
Running main() from /home/gamarino/Documentos/proyectos/protoPython/build/_deps/googletest-src/googletest/src/gtest_main.cc
[==========] Running 11 tests from 1 test suite.
[----------] Global test environment set-up.
[----------] 11 tests from FoundationTest
[ RUN      ] FoundationTest.BasicTypesExist
[       OK ] FoundationTest.BasicTypesExist (1 ms)
[ RUN      ] FoundationTest.ListAppend
[       OK ] FoundationTest.ListAppend (1 ms)
[ RUN      ] FoundationTest.ResolveBuiltins
[       OK ] FoundationTest.ResolveBuiltins (1 ms)
[ RUN      ] FoundationTest.ModuleImport
[       OK ] FoundationTest.ModuleImport (1 ms)
[ RUN      ] FoundationTest.BuiltinsModule
[       OK ] FoundationTest.BuiltinsModule (1 ms)
[ RUN      ] FoundationTest.SysModule
[       OK ] FoundationTest.SysModule (1 ms)
[ RUN      ] FoundationTest.BuiltinFunctions
<object at 0x7f11d8a16400>
[       OK ] FoundationTest.BuiltinFunctions (1 ms)
[ RUN      ] FoundationTest.AdvancedBuiltins
[       OK ] FoundationTest.AdvancedBuiltins (1 ms)
[ RUN      ] FoundationTest.IOModule
[       OK ] FoundationTest.IOModule (1 ms)
[ RUN      ] FoundationTest.SysPathAndModules
[       OK ] FoundationTest.SysPathAndModules (8 ms)
[ RUN      ] FoundationTest.SysTraceHooks
[       OK ] FoundationTest.SysTraceHooks (4 ms)
[----------] 11 tests from FoundationTest (26 ms total)

[----------] Global test environment tear-down
[==========] 11 tests from 1 test suite ran. (26 ms total)
[  PASSED  ] 11 tests.
<end of output>
Test time =   0.03 sec
----------------------------------------------------------
Test Passed.
"test_foundation" end time: Feb 03 14:38 -03
"test_foundation" time elapsed: 00:00:00
----------------------------------------------------------

62/62 Testing: test_regr
62/62 Test: test_regr
Command: "/home/gamarino/Documentos/proyectos/protoPython/build/test/regression/test_regr"
Directory: /home/gamarino/Documentos/proyectos/protoPython/build/test/regression
"test_regr" start time: Feb 03 14:38 -03
Output:
----------------------------------------------------------
Running main() from /home/gamarino/Documentos/proyectos/protoPython/build/_deps/googletest-src/googletest/src/gtest_main.cc
[==========] Running 1 test from 1 test suite.
[----------] Global test environment set-up.
[----------] 1 test from RegressionTest
[ RUN      ] RegressionTest.LoadRunner
[       OK ] RegressionTest.LoadRunner (13 ms)
[----------] 1 test from RegressionTest (13 ms total)

[----------] Global test environment tear-down
[==========] 1 test from 1 test suite ran. (13 ms total)
[  PASSED  ] 1 test.
<end of output>
Test time =   0.02 sec
----------------------------------------------------------
Test Passed.
"test_regr" end time: Feb 03 14:38 -03
"test_regr" time elapsed: 00:00:00
----------------------------------------------------------

End testing: Feb 03 14:38 -03
