Start testing: Feb 03 15:31 -03
----------------------------------------------------------
1/63 Testing: regrtest_protopy_script
1/63 Test: regrtest_protopy_script
Command: "/home/gamarino/Documentos/proyectos/protoPython/build/src/runtime/protopy" "/home/gamarino/Documentos/proyectos/protoPython/test/regression/regrtest_runner.py"
Directory: /home/gamarino/Documentos/proyectos/protoPython/build
"regrtest_protopy_script" start time: Feb 03 15:31 -03
Output:
----------------------------------------------------------
<end of output>
Test time =   0.02 sec
----------------------------------------------------------
Test Passed.
"regrtest_protopy_script" end time: Feb 03 15:31 -03
"regrtest_protopy_script" time elapsed: 00:00:00
----------------------------------------------------------

62/63 Testing: test_foundation
62/63 Test: test_foundation
Command: "/home/gamarino/Documentos/proyectos/protoPython/build/test/library/test_foundation"
Directory: /home/gamarino/Documentos/proyectos/protoPython/build/test/library
"test_foundation" start time: Feb 03 15:31 -03
Output:
----------------------------------------------------------
Running main() from /home/gamarino/Documentos/proyectos/protoPython/build/_deps/googletest-src/googletest/src/gtest_main.cc
[==========] Running 14 tests from 1 test suite.
[----------] Global test environment set-up.
[----------] 14 tests from FoundationTest
[ RUN      ] FoundationTest.BasicTypesExist
[       OK ] FoundationTest.BasicTypesExist (1 ms)
[ RUN      ] FoundationTest.ListAppend
[       OK ] FoundationTest.ListAppend (1 ms)
[ RUN      ] FoundationTest.ResolveBuiltins
[       OK ] FoundationTest.ResolveBuiltins (1 ms)
[ RUN      ] FoundationTest.ModuleImport
[       OK ] FoundationTest.ModuleImport (1 ms)
[ RUN      ] FoundationTest.BuiltinsModule
[       OK ] FoundationTest.BuiltinsModule (1 ms)
[ RUN      ] FoundationTest.SysModule
[       OK ] FoundationTest.SysModule (1 ms)
[ RUN      ] FoundationTest.BuiltinFunctions
<object at 0x7c92b0d17000>
[       OK ] FoundationTest.BuiltinFunctions (1 ms)
[ RUN      ] FoundationTest.AdvancedBuiltins
[       OK ] FoundationTest.AdvancedBuiltins (5 ms)
[ RUN      ] FoundationTest.IOModule
[       OK ] FoundationTest.IOModule (5 ms)
[ RUN      ] FoundationTest.SysPathAndModules
[       OK ] FoundationTest.SysPathAndModules (2 ms)
[ RUN      ] FoundationTest.SysTraceHooks
[       OK ] FoundationTest.SysTraceHooks (2 ms)
[ RUN      ] FoundationTest.ListGetItemSetItem
[       OK ] FoundationTest.ListGetItemSetItem (1 ms)
[ RUN      ] FoundationTest.DictSetItemLen
[       OK ] FoundationTest.DictSetItemLen (1 ms)
[ RUN      ] FoundationTest.DequeBasic
[       OK ] FoundationTest.DequeBasic (2 ms)
[----------] 14 tests from FoundationTest (31 ms total)

[----------] Global test environment tear-down
[==========] 14 tests from 1 test suite ran. (31 ms total)
[  PASSED  ] 14 tests.
<end of output>
Test time =   0.04 sec
----------------------------------------------------------
Test Passed.
"test_foundation" end time: Feb 03 15:31 -03
"test_foundation" time elapsed: 00:00:00
----------------------------------------------------------

63/63 Testing: test_regr
63/63 Test: test_regr
Command: "/home/gamarino/Documentos/proyectos/protoPython/build/test/regression/test_regr"
Directory: /home/gamarino/Documentos/proyectos/protoPython/build/test/regression
"test_regr" start time: Feb 03 15:31 -03
Output:
----------------------------------------------------------
Running main() from /home/gamarino/Documentos/proyectos/protoPython/build/_deps/googletest-src/googletest/src/gtest_main.cc
[==========] Running 1 test from 1 test suite.
[----------] Global test environment set-up.
[----------] 1 test from RegressionTest
[ RUN      ] RegressionTest.LoadRunner
[       OK ] RegressionTest.LoadRunner (3 ms)
[----------] 1 test from RegressionTest (3 ms total)

[----------] Global test environment tear-down
[==========] 1 test from 1 test suite ran. (3 ms total)
[  PASSED  ] 1 test.
<end of output>
Test time =   0.01 sec
----------------------------------------------------------
Test Passed.
"test_regr" end time: Feb 03 15:31 -03
"test_regr" time elapsed: 00:00:00
----------------------------------------------------------

End testing: Feb 03 15:31 -03
